<?xml version="1.0" encoding="UTF-8"?>
<!-- Generated by org.testng.reporters.JUnitXMLReporter -->
<testsuite hostname="SANDEEP" name="msupply_HomePage_ServiceProvider_Brand_Testimonial_Verification" tests="1" failures="1" timestamp="13 Jul 2016 17:13:15 GMT" time="206.284" errors="0">
  <testcase name="msupply_HomePage_ServiceProvider_Brand_Testimonial_Verification" time="190.02" classname="Functional_TestCase_HomePage.msupply_HomePage_ServiceProvider_Brand_Testimonial_Verification_Test">
    <failure type="org.openqa.selenium.WebDriverException" message="Element is not clickable at point (1270.2166748046875, 23.48333740234375). Other element would receive the click: &amp;lt;a href=&amp;quot;https://www.msupply.com/checkout/cart/&amp;quot;&amp;gt;&amp;lt;/a&amp;gt;
Command duration or timeout: 135 milliseconds
Build info: version: &amp;apos;2.53.0&amp;apos;, revision: &amp;apos;35ae25b1534ae328c771e0856c93e187490ca824&amp;apos;, time: &amp;apos;2016-03-15 10:43:46&amp;apos;
System info: host: &amp;apos;SANDEEP&amp;apos;, ip: &amp;apos;192.168.2.3&amp;apos;, os.name: &amp;apos;Windows 8&amp;apos;, os.arch: &amp;apos;amd64&amp;apos;, os.version: &amp;apos;6.2&amp;apos;, java.version: &amp;apos;1.7.0_17&amp;apos;
Session ID: 2818750d-b6be-4745-aae6-e590bb9a580d
Driver info: org.openqa.selenium.firefox.FirefoxDriver
Capabilities [{platform=WINDOWS, acceptSslCerts=true, javascriptEnabled=true, cssSelectorsEnabled=true, databaseEnabled=true, browserName=firefox, handlesAlerts=true, nativeEvents=false, webStorageEnabled=true, rotatable=false, locationContextEnabled=true, applicationCacheEnabled=true, takesScreenshot=true, version=37.0.2}]">
      <![CDATA[org.openqa.selenium.WebDriverException: Element is not clickable at point (1270.2166748046875, 23.48333740234375). Other element would receive the click: <a href="https://www.msupply.com/checkout/cart/"></a>
Command duration or timeout: 135 milliseconds
Build info: version: '2.53.0', revision: '35ae25b1534ae328c771e0856c93e187490ca824', time: '2016-03-15 10:43:46'
System info: host: 'SANDEEP', ip: '192.168.2.3', os.name: 'Windows 8', os.arch: 'amd64', os.version: '6.2', java.version: '1.7.0_17'
Session ID: 2818750d-b6be-4745-aae6-e590bb9a580d
Driver info: org.openqa.selenium.firefox.FirefoxDriver
Capabilities [{platform=WINDOWS, acceptSslCerts=true, javascriptEnabled=true, cssSelectorsEnabled=true, databaseEnabled=true, browserName=firefox, handlesAlerts=true, nativeEvents=false, webStorageEnabled=true, rotatable=false, locationContextEnabled=true, applicationCacheEnabled=true, takesScreenshot=true, version=37.0.2}]
	at org.openqa.selenium.remote.ErrorHandler.createThrowable(ErrorHandler.java:206)
	at org.openqa.selenium.remote.ErrorHandler.throwIfResponseFailed(ErrorHandler.java:158)
	at org.openqa.selenium.remote.RemoteWebDriver.execute(RemoteWebDriver.java:678)
	at org.openqa.selenium.remote.RemoteWebElement.execute(RemoteWebElement.java:327)
	at org.openqa.selenium.remote.RemoteWebElement.click(RemoteWebElement.java:85)
	at Functional_TestCase_HomePage.msupply_HomePage_ServiceProvider_Brand_Testimonial_Verification_Test.msupply_HomePage_ServiceProvider_Brand_Testimonial_Verification(msupply_HomePage_ServiceProvider_Brand_Testimonial_Verification_Test.java:105)
... Removed 30 stack frames]]>
    </failure>
  </testcase> <!-- msupply_HomePage_ServiceProvider_Brand_Testimonial_Verification -->
</testsuite> <!-- msupply_HomePage_ServiceProvider_Brand_Testimonial_Verification -->
