<html>
<head>
<title>TestNG:  msupply_HomePage_FooterSections</title>
<link href="../testng.css" rel="stylesheet" type="text/css" />
<link href="../my-testng.css" rel="stylesheet" type="text/css" />

<style type="text/css">
.log { display: none;} 
.stack-trace { display: none;} 
</style>
<script type="text/javascript">
<!--
function flip(e) {
  current = e.style.display;
  if (current == 'block') {
    e.style.display = 'none';
    return 0;
  }
  else {
    e.style.display = 'block';
    return 1;
  }
}

function toggleBox(szDivId, elem, msg1, msg2)
{
  var res = -1;  if (document.getElementById) {
    res = flip(document.getElementById(szDivId));
  }
  else if (document.all) {
    // this is the way old msie versions work
    res = flip(document.all[szDivId]);
  }
  if(elem) {
    if(res == 0) elem.innerHTML = msg1; else elem.innerHTML = msg2;
  }

}

function toggleAllBoxes() {
  if (document.getElementsByTagName) {
    d = document.getElementsByTagName('div');
    for (i = 0; i < d.length; i++) {
      if (d[i].className == 'log') {
        flip(d[i]);
      }
    }
  }
}

// -->
</script>

</head>
<body>
<h2 align='center'>msupply_HomePage_FooterSections</h2><table border='1' align="center">
<tr>
<td>Tests passed/Failed/Skipped:</td><td>0/1/0</td>
</tr><tr>
<td>Started on:</td><td>Wed Jul 13 22:28:53 IST 2016</td>
</tr>
<tr><td>Total time:</td><td>346 seconds (346946 ms)</td>
</tr><tr>
<td>Included groups:</td><td></td>
</tr><tr>
<td>Excluded groups:</td><td></td>
</tr>
</table><p/>
<small><i>(Hover the method name to see the test class name)</i></small><p/>
<table width='100%' border='1' class='invocation-failed'>
<tr><td colspan='4' align='center'><b>FAILED TESTS</b></td></tr>
<tr><td><b>Test method</b></td>
<td width="30%"><b>Exception</b></td>
<td width="10%"><b>Time (seconds)</b></td>
<td><b>Instance</b></td>
</tr>
<tr>
<td title='Functional_TestCase_HomePage.msupply_HomePage_FooterSections_Test.msupply_HomePage_FooterSections()'><b>msupply_HomePage_FooterSections</b><br>Test class: Functional_TestCase_HomePage.msupply_HomePage_FooterSections_Test<br/>
<a href="#Output-446315157" onClick='toggleBox("Output-446315157", this, "Show output", "Hide output");'>Show output</a>

<a href="#Output-446315157" onClick="toggleAllBoxes();">Show all outputs</a>
<div class='log' id="Output-446315157">
Image is Displayed<br/>
Clicked on Close Icon POPUP<br/>
msuppy Footer-1 Present<br/>
Payment Methods Footer-2 Present<br/>
Quick Links Footer-3 Present<br/>
Payment Method text is Displayed<br/>
Payment Types Displayed<br/>
Delivery Partners text is Displayed<br/>
Delivery Partners Displayed<br/>
Search for Element<br/>
Search for Element<br/>
Search for Element<br/>
Search for Element<br/>
Search for Element<br/>
Search for Element<br/>
Search for Element<br/>
Clicked on About us<br/>
About Us Page Verified<br/>
Clicked on Out Team<br/>
Our Team Verified<br/>
Clicked on Our Investors<br/>
Our Investors Page Verified<br/>
Clicked on Our Carrers<br/>
Careers Page Verified<br/>
Clicked on msupply Blog<br/>
Switched to Blog<br/>
Switched to msupply Home Page<br/>
Search for Element<br/>
Search for Element<br/>
Search for Element<br/>
Search for Element<br/>
Search for Element<br/>
Search for Element<br/>
Search for Element<br/>
Clicked on Returns & Cancellations<br/>
Returns & Cancellations Page Verified<br/>
Clicked on Returns & Cancellations<br/>
Terms and Conditions of Use Page Verified<br/>
Clicked on FAQs<br/>
FAQs Page Verified<br/>
Clicked on FAQs<br/>
Sell On mSupply Verified<br/>
Clicked on Contact Us<br/>
Contact Us Page Verified<br/>
Clicked on Facebook<br/>
Switched to Facebook Tab<br/>
</div>
</td>
<td><div><pre>java.lang.AssertionError: expected [mSupply] but found [mSupply | Facebook]
	at POM.HomePage.msupplyAboutusFooter(HomePage.java:1636)
	at Functional_TestCase_HomePage.msupply_HomePage_FooterSections_Test.msupply_HomePage_FooterSections(msupply_HomePage_FooterSections_Test.java:46)
... Removed 33 stack frames</pre></div><a href='#' onClick='toggleBox("stack-trace446315157", this, "Click to show all stack frames", "Click to hide stack frames")'>Click to show all stack frames</a>
<div class='stack-trace' id='stack-trace446315157'><pre>java.lang.AssertionError: expected [mSupply] but found [mSupply | Facebook]
	at org.testng.Assert.fail(Assert.java:94)
	at org.testng.Assert.failNotEquals(Assert.java:513)
	at org.testng.Assert.assertEqualsImpl(Assert.java:135)
	at org.testng.Assert.assertEquals(Assert.java:116)
	at org.testng.Assert.assertEquals(Assert.java:190)
	at org.testng.Assert.assertEquals(Assert.java:200)
	at POM.HomePage.msupplyAboutusFooter(HomePage.java:1636)
	at Functional_TestCase_HomePage.msupply_HomePage_FooterSections_Test.msupply_HomePage_FooterSections(msupply_HomePage_FooterSections_Test.java:46)
	at sun.reflect.NativeMethodAccessorImpl.invoke0(Native Method)
	at sun.reflect.NativeMethodAccessorImpl.invoke(NativeMethodAccessorImpl.java:57)
	at sun.reflect.DelegatingMethodAccessorImpl.invoke(DelegatingMethodAccessorImpl.java:43)
	at java.lang.reflect.Method.invoke(Method.java:601)
	at org.testng.internal.MethodInvocationHelper.invokeMethod(MethodInvocationHelper.java:86)
	at org.testng.internal.Invoker.invokeMethod(Invoker.java:643)
	at org.testng.internal.Invoker.invokeTestMethod(Invoker.java:820)
	at org.testng.internal.Invoker.invokeTestMethods(Invoker.java:1128)
	at org.testng.internal.TestMethodWorker.invokeTestMethods(TestMethodWorker.java:129)
	at org.testng.internal.TestMethodWorker.run(TestMethodWorker.java:112)
	at org.testng.TestRunner.privateRun(TestRunner.java:782)
	at org.testng.TestRunner.run(TestRunner.java:632)
	at org.testng.SuiteRunner.runTest(SuiteRunner.java:366)
	at org.testng.SuiteRunner.runSequentially(SuiteRunner.java:361)
	at org.testng.SuiteRunner.privateRun(SuiteRunner.java:319)
	at org.testng.SuiteRunner.run(SuiteRunner.java:268)
	at org.testng.SuiteRunnerWorker.runSuite(SuiteRunnerWorker.java:52)
	at org.testng.SuiteRunnerWorker.run(SuiteRunnerWorker.java:86)
	at org.testng.TestNG.runSuitesSequentially(TestNG.java:1244)
	at org.testng.TestNG.runSuitesLocally(TestNG.java:1169)
	at org.testng.TestNG.run(TestNG.java:1064)
	at org.apache.maven.surefire.testng.TestNGExecutor.run(TestNGExecutor.java:281)
	at org.apache.maven.surefire.testng.TestNGXmlTestSuite.execute(TestNGXmlTestSuite.java:75)
	at org.apache.maven.surefire.testng.TestNGProvider.invoke(TestNGProvider.java:121)
	at org.apache.maven.surefire.booter.ForkedBooter.invokeProviderInSameClassLoader(ForkedBooter.java:290)
	at org.apache.maven.surefire.booter.ForkedBooter.runSuitesInProcess(ForkedBooter.java:242)
	at org.apache.maven.surefire.booter.ForkedBooter.main(ForkedBooter.java:121)
</pre></div></td>
<td>329</td>
<td>Functional_TestCase_HomePage.msupply_HomePage_FooterSections_Test@44bdd4d8</td></tr>
</table><p>
</body>
</html>