<?xml version="1.0" encoding="UTF-8"?>
<!-- Generated by org.testng.reporters.JUnitXMLReporter -->
<testsuite hostname="SANDEEP" name="msupply_HomePage_SlidersVerification" tests="1" failures="1" timestamp="13 Jul 2016 18:10:48 GMT" time="3453.723" errors="0">
  <testcase name="msupply_HomePage_SlidersVerification" time="3404.269" classname="Functional_TestCase_HomePage.msupply_HomePage_SlidersVerification_Test">
    <failure type="org.openqa.selenium.WebDriverException" message="Element is not clickable at point (177.68333435058594, 8.583328247070312). Other element would receive the click: &amp;lt;div class=&amp;quot;navbar navbar-default navbar-fixed-top col-lg-12 col-md-12 col-sm-12 col-xs-12&amp;quot;&amp;gt;&amp;lt;/div&amp;gt;
Command duration or timeout: 277 milliseconds
Build info: version: &amp;apos;2.53.0&amp;apos;, revision: &amp;apos;35ae25b1534ae328c771e0856c93e187490ca824&amp;apos;, time: &amp;apos;2016-03-15 10:43:46&amp;apos;
System info: host: &amp;apos;SANDEEP&amp;apos;, ip: &amp;apos;192.168.2.3&amp;apos;, os.name: &amp;apos;Windows 8&amp;apos;, os.arch: &amp;apos;amd64&amp;apos;, os.version: &amp;apos;6.2&amp;apos;, java.version: &amp;apos;1.7.0_17&amp;apos;
Session ID: 3a6c9f3e-d3d7-4e39-bfe2-1a9c292f2578
Driver info: org.openqa.selenium.firefox.FirefoxDriver
Capabilities [{platform=WINDOWS, acceptSslCerts=true, javascriptEnabled=true, cssSelectorsEnabled=true, databaseEnabled=true, browserName=firefox, handlesAlerts=true, nativeEvents=false, webStorageEnabled=true, rotatable=false, locationContextEnabled=true, applicationCacheEnabled=true, takesScreenshot=true, version=37.0.2}]">
      <![CDATA[org.openqa.selenium.WebDriverException: Element is not clickable at point (177.68333435058594, 8.583328247070312). Other element would receive the click: <div class="navbar navbar-default navbar-fixed-top col-lg-12 col-md-12 col-sm-12 col-xs-12"></div>
Command duration or timeout: 277 milliseconds
Build info: version: '2.53.0', revision: '35ae25b1534ae328c771e0856c93e187490ca824', time: '2016-03-15 10:43:46'
System info: host: 'SANDEEP', ip: '192.168.2.3', os.name: 'Windows 8', os.arch: 'amd64', os.version: '6.2', java.version: '1.7.0_17'
Session ID: 3a6c9f3e-d3d7-4e39-bfe2-1a9c292f2578
Driver info: org.openqa.selenium.firefox.FirefoxDriver
Capabilities [{platform=WINDOWS, acceptSslCerts=true, javascriptEnabled=true, cssSelectorsEnabled=true, databaseEnabled=true, browserName=firefox, handlesAlerts=true, nativeEvents=false, webStorageEnabled=true, rotatable=false, locationContextEnabled=true, applicationCacheEnabled=true, takesScreenshot=true, version=37.0.2}]
	at org.openqa.selenium.remote.ErrorHandler.createThrowable(ErrorHandler.java:206)
	at org.openqa.selenium.remote.ErrorHandler.throwIfResponseFailed(ErrorHandler.java:158)
	at org.openqa.selenium.remote.RemoteWebDriver.execute(RemoteWebDriver.java:678)
	at org.openqa.selenium.remote.RemoteWebElement.execute(RemoteWebElement.java:327)
	at org.openqa.selenium.remote.RemoteWebElement.click(RemoteWebElement.java:85)
	at POM.HomePage.Pricing_In_SlidersVerification2(HomePage.java:582)
	at Functional_TestCase_HomePage.msupply_HomePage_SlidersVerification_Test.msupply_HomePage_SlidersVerification(msupply_HomePage_SlidersVerification_Test.java:58)
... Removed 30 stack frames]]>
    </failure>
  </testcase> <!-- msupply_HomePage_SlidersVerification -->
</testsuite> <!-- msupply_HomePage_SlidersVerification -->
