<?xml version="1.0" encoding="UTF-8"?>
<!-- Generated by org.testng.reporters.JUnitReportReporter -->
<testsuite hostname="MS-DT-056" name="Functional_TestCase_HomePage.msupply_HomePage_SlidersVerification_Test" tests="1" failures="1" timestamp="14 Jul 2016 12:31:07 GMT" time="3439.324" errors="0">
  <testcase name="msupply_HomePage_SlidersVerification" time="3439.324" classname="Functional_TestCase_HomePage.msupply_HomePage_SlidersVerification_Test">
    <failure type="java.lang.AssertionError" message="The following asserts failed:
	expected [national laminates (black current) - 2202 sf] but found []">
      <![CDATA[java.lang.AssertionError: The following asserts failed:
	expected [national laminates (black current) - 2202 sf] but found []
	at org.testng.asserts.SoftAssert.assertAll(SoftAssert.java:43)
	at GenericLibrary.WebDriverCommonFunctions.Print_WithException_SoftAssert_inLogAndHTMLReports(WebDriverCommonFunctions.java:941)
	at POM.HomePage.Sliders_ProductLink_Verification(HomePage.java:1200)
	at Functional_TestCase_HomePage.msupply_HomePage_SlidersVerification_Test.msupply_HomePage_SlidersVerification(msupply_HomePage_SlidersVerification_Test.java:58)
	at sun.reflect.NativeMethodAccessorImpl.invoke0(Native Method)
	at sun.reflect.NativeMethodAccessorImpl.invoke(Unknown Source)
	at sun.reflect.DelegatingMethodAccessorImpl.invoke(Unknown Source)
	at java.lang.reflect.Method.invoke(Unknown Source)
	at org.testng.internal.MethodInvocationHelper.invokeMethod(MethodInvocationHelper.java:100)
	at org.testng.internal.Invoker.invokeMethod(Invoker.java:646)
	at org.testng.internal.Invoker.invokeTestMethod(Invoker.java:811)
	at org.testng.internal.Invoker.invokeTestMethods(Invoker.java:1129)
	at org.testng.internal.TestMethodWorker.invokeTestMethods(TestMethodWorker.java:129)
	at org.testng.internal.TestMethodWorker.run(TestMethodWorker.java:112)
	at org.testng.TestRunner.privateRun(TestRunner.java:746)
	at org.testng.TestRunner.run(TestRunner.java:600)
	at org.testng.SuiteRunner.runTest(SuiteRunner.java:366)
	at org.testng.SuiteRunner.runSequentially(SuiteRunner.java:361)
	at org.testng.SuiteRunner.privateRun(SuiteRunner.java:319)
	at org.testng.SuiteRunner.run(SuiteRunner.java:268)
	at org.testng.SuiteRunnerWorker.runSuite(SuiteRunnerWorker.java:52)
	at org.testng.SuiteRunnerWorker.run(SuiteRunnerWorker.java:86)
	at org.testng.TestNG.runSuitesSequentially(TestNG.java:1264)
	at org.testng.TestNG.runSuitesLocally(TestNG.java:1189)
	at org.testng.TestNG.runSuites(TestNG.java:1104)
	at org.testng.TestNG.run(TestNG.java:1076)
	at org.testng.remote.AbstractRemoteTestNG.run(AbstractRemoteTestNG.java:126)
	at org.testng.remote.RemoteTestNG.initAndRun(RemoteTestNG.java:152)
	at org.testng.remote.RemoteTestNG.main(RemoteTestNG.java:57)
]]>
    </failure>
  </testcase> <!-- msupply_HomePage_SlidersVerification -->
</testsuite> <!-- Functional_TestCase_HomePage.msupply_HomePage_SlidersVerification_Test -->
